<?xml version="1.0" encoding="UTF-8"?>
<!-- Generated by org.testng.reporters.JUnitReportReporter -->
<testsuite hostname="DESKTOP-RB30UFV" failures="0" tests="3" name="com.jenkinspractice.Test.TestngPractice01Test" time="0.500" errors="0" timestamp="30 May 2022 12:37:08 GMT" skipped="0">
  <testcase classname="com.jenkinspractice.Test.TestngPractice01Test" name="practice02Test" time="0.015"/>
  <testcase classname="com.jenkinspractice.Test.TestngPractice01Test" name="practiceTest" time="0.015"/>
  <testcase classname="com.jenkinspractice.Test.TestngPractice01Test" name="practice01Test" time="0.470"/>
</testsuite> <!-- com.jenkinspractice.Test.TestngPractice01Test -->
